<?xml version="1.0" encoding="UTF-8"?>
<testsuite xmlns:xsi="http://www.w3.org/2001/XMLSchema-instance" xsi:noNamespaceSchemaLocation="https://maven.apache.org/surefire/maven-surefire-plugin/xsd/surefire-test-report-3.0.xsd" version="3.0" name="com.video_sys.VideoSysApplicationTests" time="6.062" tests="1" errors="0" skipped="0" failures="0">
  <properties>
[...]
</properties>
  <testcase name="contextLoads" classname="com.video_sys.VideoSysApplicationTests" time="0.921">
    <system-out><![CDATA[18:45:31.779 [main] DEBUG org.springframework.test.context.BootstrapUtils - Instantiating CacheAwareContextLoaderDelegate from class [org.springframework.test.context.cache.DefaultCacheAwareContextLoaderDelegate]
18:45:31.791 [main] DEBUG org.springframework.test.context.BootstrapUtils - Instantiating BootstrapContext using constructor [public org.springframework.test.context.support.DefaultBootstrapContext(java.lang.Class,org.springframework.test.context.CacheAwareContextLoaderDelegate)]
18:45:31.835 [main] DEBUG org.springframework.test.context.BootstrapUtils - Instantiating TestContextBootstrapper for test class [com.video_sys.VideoSysApplicationTests] from class [org.springframework.boot.test.context.SpringBootTestContextBootstrapper]
18:45:31.852 [main] INFO org.springframework.boot.test.context.SpringBootTestContextBootstrapper - Neither @ContextConfiguration nor @ContextHierarchy found for test class [com.video_sys.VideoSysApplicationTests], using SpringBootContextLoader
18:45:31.856 [main] DEBUG org.springframework.test.context.support.AbstractContextLoader - Did not detect default resource location for test class [com.video_sys.VideoSysApplicationTests]: class path resource [com/video_sys/VideoSysApplicationTests-context.xml] does not exist
18:45:31.858 [main] DEBUG org.springframework.test.context.support.AbstractContextLoader - Did not detect default resource location for test class [com.video_sys.VideoSysApplicationTests]: class path resource [com/video_sys/VideoSysApplicationTestsContext.groovy] does not exist
18:45:31.858 [main] INFO org.springframework.test.context.support.AbstractContextLoader - Could not detect default resource locations for test class [com.video_sys.VideoSysApplicationTests]: no resource found for suffixes {-context.xml, Context.groovy}.
18:45:31.859 [main] INFO org.springframework.test.context.support.AnnotationConfigContextLoaderUtils - Could not detect default configuration classes for test class [com.video_sys.VideoSysApplicationTests]: VideoSysApplicationTests does not declare any static, non-private, non-final, nested classes annotated with @Configuration.
18:45:31.917 [main] DEBUG org.springframework.test.context.support.ActiveProfilesUtils - Could not find an 'annotation declaring class' for annotation type [org.springframework.test.context.ActiveProfiles] and class [com.video_sys.VideoSysApplicationTests]
18:45:31.989 [main] DEBUG org.springframework.context.annotation.ClassPathScanningCandidateComponentProvider - Identified candidate component class: file [C:\Space\video_sys\target\classes\com\video_sys\VideoSysApplication.class]
18:45:31.991 [main] INFO org.springframework.boot.test.context.SpringBootTestContextBootstrapper - Found @SpringBootConfiguration com.video_sys.VideoSysApplication for test class com.video_sys.VideoSysApplicationTests
18:45:32.116 [main] DEBUG org.springframework.boot.test.context.SpringBootTestContextBootstrapper - @TestExecutionListeners is not present for class [com.video_sys.VideoSysApplicationTests]: using defaults.
18:45:32.117 [main] INFO org.springframework.boot.test.context.SpringBootTestContextBootstrapper - Loaded default TestExecutionListener class names from location [META-INF/spring.factories]: [org.springframework.boot.test.mock.mockito.MockitoTestExecutionListener, org.springframework.boot.test.mock.mockito.ResetMocksTestExecutionListener, org.springframework.boot.test.autoconfigure.restdocs.RestDocsTestExecutionListener, org.springframework.boot.test.autoconfigure.web.client.MockRestServiceServerResetTestExecutionListener, org.springframework.boot.test.autoconfigure.web.servlet.MockMvcPrintOnlyOnFailureTestExecutionListener, org.springframework.boot.test.autoconfigure.web.servlet.WebDriverTestExecutionListener, org.springframework.boot.test.autoconfigure.webservices.client.MockWebServiceServerTestExecutionListener, org.springframework.test.context.web.ServletTestExecutionListener, org.springframework.test.context.support.DirtiesContextBeforeModesTestExecutionListener, org.springframework.test.context.event.ApplicationEventsTestExecutionListener, org.springframework.test.context.support.DependencyInjectionTestExecutionListener, org.springframework.test.context.support.DirtiesContextTestExecutionListener, org.springframework.test.context.transaction.TransactionalTestExecutionListener, org.springframework.test.context.jdbc.SqlScriptsTestExecutionListener, org.springframework.test.context.event.EventPublishingTestExecutionListener]
18:45:32.138 [main] INFO org.springframework.boot.test.context.SpringBootTestContextBootstrapper - Using TestExecutionListeners: [org.springframework.test.context.web.ServletTestExecutionListener@3c9c0d96, org.springframework.test.context.support.DirtiesContextBeforeModesTestExecutionListener@3a4621bd, org.springframework.test.context.event.ApplicationEventsTestExecutionListener@31dadd46, org.springframework.boot.test.mock.mockito.MockitoTestExecutionListener@4ed5eb72, org.springframework.boot.test.autoconfigure.SpringBootDependencyInjectionTestExecutionListener@12f9af83, org.springframework.test.context.support.DirtiesContextTestExecutionListener@19b93fa8, org.springframework.test.context.transaction.TransactionalTestExecutionListener@7e6ef134, org.springframework.test.context.jdbc.SqlScriptsTestExecutionListener@1f010bf0, org.springframework.test.context.event.EventPublishingTestExecutionListener@40db2a24, org.springframework.boot.test.mock.mockito.ResetMocksTestExecutionListener@10cf09e8, org.springframework.boot.test.autoconfigure.restdocs.RestDocsTestExecutionListener@1921ad94, org.springframework.boot.test.autoconfigure.web.client.MockRestServiceServerResetTestExecutionListener@ee86bcb, org.springframework.boot.test.autoconfigure.web.servlet.MockMvcPrintOnlyOnFailureTestExecutionListener@177bea38, org.springframework.boot.test.autoconfigure.web.servlet.WebDriverTestExecutionListener@7f132176, org.springframework.boot.test.autoconfigure.webservices.client.MockWebServiceServerTestExecutionListener@6bca7e0d]
18:45:32.143 [main] DEBUG org.springframework.test.context.support.AbstractDirtiesContextTestExecutionListener - Before test class: context [DefaultTestContext@344f4dea testClass = VideoSysApplicationTests, testInstance = [null], testMethod = [null], testException = [null], mergedContextConfiguration = [WebMergedContextConfiguration@1b7c473a testClass = VideoSysApplicationTests, locations = '{}', classes = '{class com.video_sys.VideoSysApplication}', contextInitializerClasses = '[]', activeProfiles = '{}', propertySourceLocations = '{}', propertySourceProperties = '{org.springframework.boot.test.context.SpringBootTestContextBootstrapper=true}', contextCustomizers = set[org.springframework.boot.test.context.filter.ExcludeFilterContextCustomizer@6574a52c, org.springframework.boot.test.json.DuplicateJsonObjectContextCustomizerFactory$DuplicateJsonObjectContextCustomizer@60099951, org.springframework.boot.test.mock.mockito.MockitoContextCustomizer@0, org.springframework.boot.test.web.client.TestRestTemplateContextCustomizer@1ed4ae0f, org.springframework.boot.test.autoconfigure.actuate.metrics.MetricsExportContextCustomizerFactory$DisableMetricExportContextCustomizer@1530c739, org.springframework.boot.test.autoconfigure.properties.PropertyMappingContextCustomizer@0, org.springframework.boot.test.autoconfigure.web.servlet.WebDriverContextCustomizerFactory$Customizer@74d1dc36, org.springframework.boot.test.context.SpringBootTestArgs@1, org.springframework.boot.test.context.SpringBootTestWebEnvironment@6dde5c8c], resourceBasePath = 'src/main/webapp', contextLoader = 'org.springframework.boot.test.context.SpringBootContextLoader', parent = [null]], attributes = map['org.springframework.test.context.web.ServletTestExecutionListener.activateListener' -> true]], class annotated with @DirtiesContext [false] with mode [null].

  .   ____          _            __ _ _
 /\\ / ___'_ __ _ _(_)_ __  __ _ \ \ \ \
( ( )\___ | '_ | '_| | '_ \/ _` | \ \ \ \
 \\/  ___)| |_)| | | | | || (_| |  ) ) ) )
  '  |____| .__|_| |_|_| |_\__, | / / / /
 =========|_|==============|___/=/_/_/_/
 :: Spring Boot ::               (v2.6.13)

2025-12-03 18:45:32.582  INFO 3432 --- [           main] com.video_sys.VideoSysApplicationTests   : Starting VideoSysApplicationTests using Java 17.0.16 on lyq with PID 3432 (started by 31450 in C:\Space\video_sys)
2025-12-03 18:45:32.584  INFO 3432 --- [           main] com.video_sys.VideoSysApplicationTests   : No active profile set, falling back to 1 default profile: "default"
Logging initialized using 'class org.apache.ibatis.logging.stdout.StdOutImpl' adapter.
2025-12-03 18:45:34.312  INFO 3432 --- [           main] c.a.d.s.b.a.DruidDataSourceAutoConfigure : Init DruidDataSource
2025-12-03 18:45:34.644  INFO 3432 --- [           main] com.alibaba.druid.pool.DruidDataSource   : {dataSource-1} inited
Parsed mapper file: 'file [C:\Space\video_sys\target\classes\mapper\VideoMapper.xml]'
2025-12-03 18:45:36.765  INFO 3432 --- [           main] com.video_sys.VideoSysApplicationTests   : Started VideoSysApplicationTests in 4.571 seconds (JVM running for 5.776)
]]></system-out>
  </testcase>
</testsuite>