<?xml version="1.0" encoding="UTF-8"?>
<testsuite xmlns:xsi="http://www.w3.org/2001/XMLSchema-instance" xsi:noNamespaceSchemaLocation="https://maven.apache.org/surefire/maven-surefire-plugin/xsd/surefire-test-report-3.0.xsd" version="3.0" name="com.shop_sys.ShopSysApplicationTests" time="2.864" tests="1" errors="0" skipped="0" failures="0">
  <properties>
[...]
</properties>
  <testcase name="contextLoads" classname="com.shop_sys.ShopSysApplicationTests" time="0.368">
    <system-out><![CDATA[17:26:15.129 [main] DEBUG org.springframework.test.context.BootstrapUtils - Instantiating CacheAwareContextLoaderDelegate from class [org.springframework.test.context.cache.DefaultCacheAwareContextLoaderDelegate]
17:26:15.136 [main] DEBUG org.springframework.test.context.BootstrapUtils - Instantiating BootstrapContext using constructor [public org.springframework.test.context.support.DefaultBootstrapContext(java.lang.Class,org.springframework.test.context.CacheAwareContextLoaderDelegate)]
17:26:15.161 [main] DEBUG org.springframework.test.context.BootstrapUtils - Instantiating TestContextBootstrapper for test class [com.shop_sys.ShopSysApplicationTests] from class [org.springframework.boot.test.context.SpringBootTestContextBootstrapper]
17:26:15.170 [main] INFO org.springframework.boot.test.context.SpringBootTestContextBootstrapper - Neither @ContextConfiguration nor @ContextHierarchy found for test class [com.shop_sys.ShopSysApplicationTests], using SpringBootContextLoader
17:26:15.173 [main] DEBUG org.springframework.test.context.support.AbstractContextLoader - Did not detect default resource location for test class [com.shop_sys.ShopSysApplicationTests]: class path resource [com/shop_sys/ShopSysApplicationTests-context.xml] does not exist
17:26:15.173 [main] DEBUG org.springframework.test.context.support.AbstractContextLoader - Did not detect default resource location for test class [com.shop_sys.ShopSysApplicationTests]: class path resource [com/shop_sys/ShopSysApplicationTestsContext.groovy] does not exist
17:26:15.174 [main] INFO org.springframework.test.context.support.AbstractContextLoader - Could not detect default resource locations for test class [com.shop_sys.ShopSysApplicationTests]: no resource found for suffixes {-context.xml, Context.groovy}.
17:26:15.174 [main] INFO org.springframework.test.context.support.AnnotationConfigContextLoaderUtils - Could not detect default configuration classes for test class [com.shop_sys.ShopSysApplicationTests]: ShopSysApplicationTests does not declare any static, non-private, non-final, nested classes annotated with @Configuration.
17:26:15.210 [main] DEBUG org.springframework.test.context.support.ActiveProfilesUtils - Could not find an 'annotation declaring class' for annotation type [org.springframework.test.context.ActiveProfiles] and class [com.shop_sys.ShopSysApplicationTests]
17:26:15.256 [main] DEBUG org.springframework.context.annotation.ClassPathScanningCandidateComponentProvider - Identified candidate component class: file [E:\IdeaSpace\shop_sys\target\classes\com\shop_sys\ShopSysApplication.class]
17:26:15.256 [main] INFO org.springframework.boot.test.context.SpringBootTestContextBootstrapper - Found @SpringBootConfiguration com.shop_sys.ShopSysApplication for test class com.shop_sys.ShopSysApplicationTests
17:26:15.330 [main] DEBUG org.springframework.boot.test.context.SpringBootTestContextBootstrapper - @TestExecutionListeners is not present for class [com.shop_sys.ShopSysApplicationTests]: using defaults.
17:26:15.330 [main] INFO org.springframework.boot.test.context.SpringBootTestContextBootstrapper - Loaded default TestExecutionListener class names from location [META-INF/spring.factories]: [org.springframework.boot.test.mock.mockito.MockitoTestExecutionListener, org.springframework.boot.test.mock.mockito.ResetMocksTestExecutionListener, org.springframework.boot.test.autoconfigure.restdocs.RestDocsTestExecutionListener, org.springframework.boot.test.autoconfigure.web.client.MockRestServiceServerResetTestExecutionListener, org.springframework.boot.test.autoconfigure.web.servlet.MockMvcPrintOnlyOnFailureTestExecutionListener, org.springframework.boot.test.autoconfigure.web.servlet.WebDriverTestExecutionListener, org.springframework.boot.test.autoconfigure.webservices.client.MockWebServiceServerTestExecutionListener, org.springframework.test.context.web.ServletTestExecutionListener, org.springframework.test.context.support.DirtiesContextBeforeModesTestExecutionListener, org.springframework.test.context.event.ApplicationEventsTestExecutionListener, org.springframework.test.context.support.DependencyInjectionTestExecutionListener, org.springframework.test.context.support.DirtiesContextTestExecutionListener, org.springframework.test.context.transaction.TransactionalTestExecutionListener, org.springframework.test.context.jdbc.SqlScriptsTestExecutionListener, org.springframework.test.context.event.EventPublishingTestExecutionListener]
17:26:15.342 [main] INFO org.springframework.boot.test.context.SpringBootTestContextBootstrapper - Using TestExecutionListeners: [org.springframework.test.context.web.ServletTestExecutionListener@72437d8d, org.springframework.test.context.support.DirtiesContextBeforeModesTestExecutionListener@1b955cac, org.springframework.test.context.event.ApplicationEventsTestExecutionListener@676cf48, org.springframework.boot.test.mock.mockito.MockitoTestExecutionListener@5a1de7fb, org.springframework.boot.test.autoconfigure.SpringBootDependencyInjectionTestExecutionListener@335b5620, org.springframework.test.context.support.DirtiesContextTestExecutionListener@29a0cdb, org.springframework.test.context.transaction.TransactionalTestExecutionListener@32a68f4f, org.springframework.test.context.jdbc.SqlScriptsTestExecutionListener@73194df, org.springframework.test.context.event.EventPublishingTestExecutionListener@6eb2384f, org.springframework.boot.test.mock.mockito.ResetMocksTestExecutionListener@3c9c0d96, org.springframework.boot.test.autoconfigure.restdocs.RestDocsTestExecutionListener@3a4621bd, org.springframework.boot.test.autoconfigure.web.client.MockRestServiceServerResetTestExecutionListener@31dadd46, org.springframework.boot.test.autoconfigure.web.servlet.MockMvcPrintOnlyOnFailureTestExecutionListener@4ed5eb72, org.springframework.boot.test.autoconfigure.web.servlet.WebDriverTestExecutionListener@12f9af83, org.springframework.boot.test.autoconfigure.webservices.client.MockWebServiceServerTestExecutionListener@19b93fa8]
17:26:15.347 [main] DEBUG org.springframework.test.context.support.AbstractDirtiesContextTestExecutionListener - Before test class: context [DefaultTestContext@2e1ef60 testClass = ShopSysApplicationTests, testInstance = [null], testMethod = [null], testException = [null], mergedContextConfiguration = [WebMergedContextConfiguration@22356acd testClass = ShopSysApplicationTests, locations = '{}', classes = '{class com.shop_sys.ShopSysApplication}', contextInitializerClasses = '[]', activeProfiles = '{}', propertySourceLocations = '{}', propertySourceProperties = '{org.springframework.boot.test.context.SpringBootTestContextBootstrapper=true}', contextCustomizers = set[org.springframework.boot.test.context.filter.ExcludeFilterContextCustomizer@4b45a2f5, org.springframework.boot.test.json.DuplicateJsonObjectContextCustomizerFactory$DuplicateJsonObjectContextCustomizer@41a0aa7d, org.springframework.boot.test.mock.mockito.MockitoContextCustomizer@0, org.springframework.boot.test.web.client.TestRestTemplateContextCustomizer@298a5e20, org.springframework.boot.test.autoconfigure.actuate.metrics.MetricsExportContextCustomizerFactory$DisableMetricExportContextCustomizer@6d4d66d2, org.springframework.boot.test.autoconfigure.properties.PropertyMappingContextCustomizer@0, org.springframework.boot.test.autoconfigure.web.servlet.WebDriverContextCustomizerFactory$Customizer@3e27ba32, org.springframework.boot.test.context.SpringBootTestArgs@1, org.springframework.boot.test.context.SpringBootTestWebEnvironment@17211155], resourceBasePath = 'src/main/webapp', contextLoader = 'org.springframework.boot.test.context.SpringBootContextLoader', parent = [null]], attributes = map['org.springframework.test.context.web.ServletTestExecutionListener.activateListener' -> true]], class annotated with @DirtiesContext [false] with mode [null].

  .   ____          _            __ _ _
 /\\ / ___'_ __ _ _(_)_ __  __ _ \ \ \ \
( ( )\___ | '_ | '_| | '_ \/ _` | \ \ \ \
 \\/  ___)| |_)| | | | | || (_| |  ) ) ) )
  '  |____| .__|_| |_|_| |_\__, | / / / /
 =========|_|==============|___/=/_/_/_/
 :: Spring Boot ::               (v2.6.13)

2025-11-26 17:26:15.616  INFO 14540 --- [           main] com.shop_sys.ShopSysApplicationTests     : Starting ShopSysApplicationTests using Java 17.0.12 on LAPTOP-9BBO4F09 with PID 14540 (started by hanqing in E:\IdeaSpace\shop_sys)
2025-11-26 17:26:15.617  INFO 14540 --- [           main] com.shop_sys.ShopSysApplicationTests     : No active profile set, falling back to 1 default profile: "default"
Logging initialized using 'class org.apache.ibatis.logging.stdout.StdOutImpl' adapter.
2025-11-26 17:26:16.445  INFO 14540 --- [           main] c.a.d.s.b.a.DruidDataSourceAutoConfigure : Init DruidDataSource
2025-11-26 17:26:16.647  INFO 14540 --- [           main] com.alibaba.druid.pool.DruidDataSource   : {dataSource-1} inited
Parsed mapper file: 'file [E:\IdeaSpace\shop_sys\target\classes\mapper\ProductMapper.xml]'
2025-11-26 17:26:17.555  INFO 14540 --- [           main] com.shop_sys.ShopSysApplicationTests     : Started ShopSysApplicationTests in 2.174 seconds (JVM running for 2.885)
]]></system-out>
  </testcase>
</testsuite>